<?xml version="1.0" encoding="UTF-8"?>
<testng-results ignored="0" total="3" passed="3" failed="0" skipped="0">
  <reporter-output>
  </reporter-output>
  <suite started-at="2025-03-02T22:45:32 IST" name="Default suite" finished-at="2025-03-02T22:47:30 IST" duration-ms="118397">
    <groups>
      <group name="cucumber">
        <method signature="AbstractTestNGCucumberTests.runScenario(io.cucumber.testng.PickleWrapper,io.cucumber.testng.FeatureWrapper)[pri:0, instance:org.runner.execute@36d585c]" name="runScenario" class="io.cucumber.testng.AbstractTestNGCucumberTests"/>
      </group> <!-- cucumber -->
    </groups>
    <test started-at="2025-03-02T22:45:32 IST" name="Default test" finished-at="2025-03-02T22:47:30 IST" duration-ms="118397">
      <class name="org.runner.execute">
        <test-method is-config="true" signature="setUpClass(org.testng.ITestContext)[pri:0, instance:org.runner.execute@36d585c]" started-at="2025-03-02T22:45:32 IST" name="setUpClass" finished-at="2025-03-02T22:45:33 IST" duration-ms="1396" status="PASS">
          <params>
            <param index="0">
              <value>
                <![CDATA[org.testng.TestRunner@227a933d]]>
              </value>
            </param>
          </params>
          <reporter-output>
          </reporter-output>
        </test-method> <!-- setUpClass -->
        <test-method signature="runScenario(io.cucumber.testng.PickleWrapper,io.cucumber.testng.FeatureWrapper)[pri:0, instance:org.runner.execute@36d585c]" started-at="2025-03-02T22:45:33 IST" name="runScenario" description="Runs Cucumber Scenarios" data-provider="scenarios" finished-at="2025-03-02T22:46:41 IST" duration-ms="67216" status="PASS">
          <params>
            <param index="0">
              <value>
                <![CDATA["Create an account to signin"]]>
              </value>
            </param>
            <param index="1">
              <value>
                <![CDATA["Create an account"]]>
              </value>
            </param>
          </params>
          <reporter-output>
          </reporter-output>
        </test-method> <!-- runScenario -->
        <test-method signature="runScenario(io.cucumber.testng.PickleWrapper,io.cucumber.testng.FeatureWrapper)[pri:0, instance:org.runner.execute@36d585c]" started-at="2025-03-02T22:46:41 IST" name="runScenario" description="Runs Cucumber Scenarios" data-provider="scenarios" finished-at="2025-03-02T22:46:53 IST" duration-ms="12647" status="PASS">
          <params>
            <param index="0">
              <value>
                <![CDATA["User has to SignOut the application"]]>
              </value>
            </param>
            <param index="1">
              <value>
                <![CDATA["Create an account"]]>
              </value>
            </param>
          </params>
          <reporter-output>
          </reporter-output>
        </test-method> <!-- runScenario -->
        <test-method signature="runScenario(io.cucumber.testng.PickleWrapper,io.cucumber.testng.FeatureWrapper)[pri:0, instance:org.runner.execute@36d585c]" started-at="2025-03-02T22:46:53 IST" name="runScenario" description="Runs Cucumber Scenarios" data-provider="scenarios" finished-at="2025-03-02T22:47:29 IST" duration-ms="35318" status="PASS">
          <params>
            <param index="0">
              <value>
                <![CDATA["User has to SignIn with the created account"]]>
              </value>
            </param>
            <param index="1">
              <value>
                <![CDATA["Create an account"]]>
              </value>
            </param>
          </params>
          <reporter-output>
          </reporter-output>
        </test-method> <!-- runScenario -->
        <test-method is-config="true" signature="tearDownClass()[pri:0, instance:org.runner.execute@36d585c]" started-at="2025-03-02T22:47:29 IST" name="tearDownClass" finished-at="2025-03-02T22:47:30 IST" duration-ms="1759" status="PASS">
          <reporter-output>
          </reporter-output>
        </test-method> <!-- tearDownClass -->
      </class> <!-- org.runner.execute -->
    </test> <!-- Default test -->
  </suite> <!-- Default suite -->
</testng-results>
