<?xml version="1.0" encoding="UTF-8"?>
<testng-results ignored="0" total="3" passed="3" failed="0" skipped="0">
  <reporter-output>
  </reporter-output>
  <suite started-at="2025-03-02T20:35:17 IST" name="Default suite" finished-at="2025-03-02T20:37:38 IST" duration-ms="140818">
    <groups>
      <group name="cucumber">
        <method signature="AbstractTestNGCucumberTests.runScenario(io.cucumber.testng.PickleWrapper,io.cucumber.testng.FeatureWrapper)[pri:0, instance:org.runner.execute@36d585c]" name="runScenario" class="io.cucumber.testng.AbstractTestNGCucumberTests"/>
      </group> <!-- cucumber -->
    </groups>
    <test started-at="2025-03-02T20:35:17 IST" name="Default test" finished-at="2025-03-02T20:37:38 IST" duration-ms="140818">
      <class name="org.runner.execute">
        <test-method is-config="true" signature="setUpClass(org.testng.ITestContext)[pri:0, instance:org.runner.execute@36d585c]" started-at="2025-03-02T20:35:17 IST" name="setUpClass" finished-at="2025-03-02T20:35:18 IST" duration-ms="1349" status="PASS">
          <params>
            <param index="0">
              <value>
                <![CDATA[org.testng.TestRunner@61a87366]]>
              </value>
            </param>
          </params>
          <reporter-output>
          </reporter-output>
        </test-method> <!-- setUpClass -->
        <test-method signature="runScenario(io.cucumber.testng.PickleWrapper,io.cucumber.testng.FeatureWrapper)[pri:0, instance:org.runner.execute@36d585c]" started-at="2025-03-02T20:35:18 IST" name="runScenario" description="Runs Cucumber Scenarios" data-provider="scenarios" finished-at="2025-03-02T20:36:49 IST" duration-ms="90979" status="PASS">
          <params>
            <param index="0">
              <value>
                <![CDATA["Create an account to signin"]]>
              </value>
            </param>
            <param index="1">
              <value>
                <![CDATA["Create an account"]]>
              </value>
            </param>
          </params>
          <reporter-output>
          </reporter-output>
        </test-method> <!-- runScenario -->
        <test-method signature="runScenario(io.cucumber.testng.PickleWrapper,io.cucumber.testng.FeatureWrapper)[pri:0, instance:org.runner.execute@36d585c]" started-at="2025-03-02T20:36:49 IST" name="runScenario" description="Runs Cucumber Scenarios" data-provider="scenarios" finished-at="2025-03-02T20:37:01 IST" duration-ms="12035" status="PASS">
          <params>
            <param index="0">
              <value>
                <![CDATA["User has to SignOut the application"]]>
              </value>
            </param>
            <param index="1">
              <value>
                <![CDATA["Create an account"]]>
              </value>
            </param>
          </params>
          <reporter-output>
          </reporter-output>
        </test-method> <!-- runScenario -->
        <test-method signature="runScenario(io.cucumber.testng.PickleWrapper,io.cucumber.testng.FeatureWrapper)[pri:0, instance:org.runner.execute@36d585c]" started-at="2025-03-02T20:37:01 IST" name="runScenario" description="Runs Cucumber Scenarios" data-provider="scenarios" finished-at="2025-03-02T20:37:37 IST" duration-ms="35475" status="PASS">
          <params>
            <param index="0">
              <value>
                <![CDATA["User has to SignIn with the created account"]]>
              </value>
            </param>
            <param index="1">
              <value>
                <![CDATA["Create an account"]]>
              </value>
            </param>
          </params>
          <reporter-output>
          </reporter-output>
        </test-method> <!-- runScenario -->
        <test-method is-config="true" signature="tearDownClass()[pri:0, instance:org.runner.execute@36d585c]" started-at="2025-03-02T20:37:37 IST" name="tearDownClass" finished-at="2025-03-02T20:37:38 IST" duration-ms="902" status="PASS">
          <reporter-output>
          </reporter-output>
        </test-method> <!-- tearDownClass -->
      </class> <!-- org.runner.execute -->
    </test> <!-- Default test -->
  </suite> <!-- Default suite -->
</testng-results>
